{"total": {"lines":{"total":87,"covered":87,"skipped":0,"pct":100},"statements":{"total":98,"covered":98,"skipped":0,"pct":100},"functions":{"total":27,"covered":27,"skipped":0,"pct":100},"branches":{"total":14,"covered":14,"skipped":0,"pct":100},"branchesTrue":{"total":0,"covered":0,"skipped":0,"pct":100}}
,"/Users/nikitzykov/ZProjects/nzcom/example-dapp/src/App.tsx": {"lines":{"total":51,"covered":51,"skipped":0,"pct":100},"functions":{"total":18,"covered":18,"skipped":0,"pct":100},"statements":{"total":55,"covered":55,"skipped":0,"pct":100},"branches":{"total":12,"covered":12,"skipped":0,"pct":100}}
,"/Users/nikitzykov/ZProjects/nzcom/example-dapp/src/hooks/useAsyncInitialize.ts": {"lines":{"total":8,"covered":8,"skipped":0,"pct":100},"functions":{"total":3,"covered":3,"skipped":0,"pct":100},"statements":{"total":10,"covered":10,"skipped":0,"pct":100},"branches":{"total":0,"covered":0,"skipped":0,"pct":100}}
,"/Users/nikitzykov/ZProjects/nzcom/example-dapp/src/hooks/useTonClient.ts": {"lines":{"total":6,"covered":6,"skipped":0,"pct":100},"functions":{"total":2,"covered":2,"skipped":0,"pct":100},"statements":{"total":7,"covered":7,"skipped":0,"pct":100},"branches":{"total":0,"covered":0,"skipped":0,"pct":100}}
,"/Users/nikitzykov/ZProjects/nzcom/example-dapp/src/hooks/useTonConnectSender.ts": {"lines":{"total":11,"covered":11,"skipped":0,"pct":100},"functions":{"total":2,"covered":2,"skipped":0,"pct":100},"statements":{"total":13,"covered":13,"skipped":0,"pct":100},"branches":{"total":1,"covered":1,"skipped":0,"pct":100}}
,"/Users/nikitzykov/ZProjects/nzcom/example-dapp/src/hooks/useTonContract.ts": {"lines":{"total":11,"covered":11,"skipped":0,"pct":100},"functions":{"total":2,"covered":2,"skipped":0,"pct":100},"statements":{"total":13,"covered":13,"skipped":0,"pct":100},"branches":{"total":1,"covered":1,"skipped":0,"pct":100}}
}
